
> hackson@1.0.0 start
> node server.js

从文件加载了 2 个玩家数据
已从文件加载 2 个玩家数据
自动保存已启动（间隔: 30秒）
游戏时长广播已启动（间隔: 1秒）
Server is running on http://localhost:3001
Static files served from /public directory
WebSocket server is ready
已异步保存 2 个玩家数据
已异步保存 2 个玩家数据
已异步保存 2 个玩家数据
已异步保存 2 个玩家数据
已异步保存 2 个玩家数据
已异步保存 2 个玩家数据
已异步保存 2 个玩家数据
已异步保存 2 个玩家数据
已异步保存 2 个玩家数据
已异步保存 2 个玩家数据
已异步保存 2 个玩家数据
已异步保存 2 个玩家数据
已异步保存 2 个玩家数据
已异步保存 2 个玩家数据
已异步保存 2 个玩家数据
已异步保存 2 个玩家数据
已异步保存 2 个玩家数据
已异步保存 2 个玩家数据
已异步保存 2 个玩家数据
已异步保存 2 个玩家数据
已异步保存 2 个玩家数据
WebSocket连接建立: type=player, playerId=player_1768410339632_c0gvfncnu
WebSocket连接关闭: type=player, playerId=player_1768410339632_c0gvfncnu
已异步保存 2 个玩家数据
已异步保存 2 个玩家数据
WebSocket连接建立: type=player, playerId=player_1768410339632_c0gvfncnu
速度异常检测: 玩家 奇儿 (player_1768410339632_c0gvfncnu)
  原因: 方块下落超时 (20274ms > 10000ms)，可能暂停了游戏
  实际时间: 20274ms
  期望范围: N/Ams - 2500ms
  当前违规次数: 1/5
  暂停检测: 第 1/5 次
已异步保存 2 个玩家数据
速度异常检测: 玩家 奇儿 (player_1768410339632_c0gvfncnu)
  原因: 方块下落超时 (18236ms > 10000ms)，可能暂停了游戏
  实际时间: 18236ms
  期望范围: N/Ams - 2500ms
  当前违规次数: 2/5
  暂停检测: 第 2/5 次
已异步保存 2 个玩家数据
速度异常检测: 玩家 奇儿 (player_1768410339632_c0gvfncnu)
  原因: 方块下落超时 (17180ms > 10000ms)，可能暂停了游戏
  实际时间: 17180ms
  期望范围: N/Ams - 2500ms
  当前违规次数: 3/5
  暂停检测: 第 3/5 次
速度异常检测: 玩家 奇儿 (player_1768410339632_c0gvfncnu)
  原因: 方块下落超时 (16233ms > 10000ms)，可能暂停了游戏
  实际时间: 16233ms
  期望范围: N/Ams - 2500ms
  当前违规次数: 4/5
  暂停检测: 第 4/5 次
已异步保存 2 个玩家数据
速度异常检测: 玩家 奇儿 (player_1768410339632_c0gvfncnu)
  原因: 方块下落超时 (14216ms > 10000ms)，可能暂停了游戏
  实际时间: 14216ms
  期望范围: N/Ams - 2500ms
  当前违规次数: 5/5
作弊判定: 玩家 奇儿 连续 5 次速度异常
已异步保存 2 个玩家数据
WebSocket连接关闭: type=player, playerId=player_1768410339632_c0gvfncnu
已异步保存 2 个玩家数据
已异步保存 2 个玩家数据
WebSocket连接建立: type=player, playerId=player_1768410339632_c0gvfncnu
已异步保存 2 个玩家数据
速度异常检测: 玩家 奇儿 (player_1768410339632_c0gvfncnu)
  原因: 方块下落超时 (19222ms > 10000ms)，可能暂停了游戏
  实际时间: 19222ms
  期望范围: N/Ams - 2500ms
  当前违规次数: 1/5
  暂停检测: 第 1/5 次
速度异常检测: 玩家 奇儿 (player_1768410339632_c0gvfncnu)
  原因: 方块下落超时 (17219ms > 10000ms)，可能暂停了游戏
  实际时间: 17219ms
  期望范围: N/Ams - 2500ms
  当前违规次数: 2/5
  暂停检测: 第 2/5 次
已异步保存 2 个玩家数据
速度异常检测: 玩家 奇儿 (player_1768410339632_c0gvfncnu)
  原因: 方块下落超时 (15185ms > 10000ms)，可能暂停了游戏
  实际时间: 15185ms
  期望范围: N/Ams - 2500ms
  当前违规次数: 3/5
  暂停检测: 第 3/5 次
速度异常检测: 玩家 奇儿 (player_1768410339632_c0gvfncnu)
  原因: 方块下落超时 (13133ms > 10000ms)，可能暂停了游戏
  实际时间: 13133ms
  期望范围: N/Ams - 2500ms
  当前违规次数: 4/5
  暂停检测: 第 4/5 次
已异步保存 2 个玩家数据
速度异常检测: 玩家 奇儿 (player_1768410339632_c0gvfncnu)
  原因: 方块下落超时 (11149ms > 10000ms)，可能暂停了游戏
  实际时间: 11149ms
  期望范围: N/Ams - 2500ms
  当前违规次数: 5/5
作弊判定: 玩家 奇儿 连续 5 次速度异常
已异步保存 2 个玩家数据
已异步保存 2 个玩家数据
WebSocket连接关闭: type=player, playerId=player_1768410339632_c0gvfncnu
已异步保存 2 个玩家数据
WebSocket连接建立: type=player, playerId=player_1768410339632_c0gvfncnu
已异步保存 2 个玩家数据
WebSocket连接关闭: type=player, playerId=player_1768410339632_c0gvfncnu
已异步保存 2 个玩家数据
已异步保存 2 个玩家数据
已异步保存 2 个玩家数据
已异步保存 2 个玩家数据
已异步保存 2 个玩家数据
已异步保存 2 个玩家数据
已异步保存 2 个玩家数据
已异步保存 2 个玩家数据
已异步保存 2 个玩家数据
已异步保存 2 个玩家数据
已异步保存 2 个玩家数据
已异步保存 2 个玩家数据
WebSocket连接建立: type=player, playerId=player_1768410339632_c0gvfncnu
已异步保存 2 个玩家数据
速度异常检测: 玩家 奇儿 (player_1768410339632_c0gvfncnu)
  原因: 方块下落超时 (25945ms > 10000ms)，可能暂停了游戏
  实际时间: 25945ms
  期望范围: N/Ams - 2500ms
  当前违规次数: 1/5
  暂停检测: 第 1/5 次
已异步保存 2 个玩家数据
已异步保存 2 个玩家数据
速度异常检测: 玩家 奇儿 (player_1768410339632_c0gvfncnu)
  原因: 方块下落超时 (32996ms > 10000ms)，可能暂停了游戏
  实际时间: 32996ms
  期望范围: N/Ams - 2500ms
  当前违规次数: 2/5
  暂停检测: 第 2/5 次
速度异常检测: 玩家 奇儿 (player_1768410339632_c0gvfncnu)
  原因: 方块下落超时 (18248ms > 10000ms)，可能暂停了游戏
  实际时间: 18248ms
  期望范围: N/Ams - 2500ms
  当前违规次数: 3/5
  暂停检测: 第 3/5 次
已异步保存 2 个玩家数据
速度异常检测: 玩家 奇儿 (player_1768410339632_c0gvfncnu)
  原因: 方块下落超时 (11203ms > 10000ms)，可能暂停了游戏
  实际时间: 11203ms
  期望范围: N/Ams - 2500ms
  当前违规次数: 4/5
  暂停检测: 第 4/5 次
速度异常检测: 玩家 奇儿 (player_1768410339632_c0gvfncnu)
  原因: 方块下落超时 (11247ms > 10000ms)，可能暂停了游戏
  实际时间: 11247ms
  期望范围: N/Ams - 2500ms
  当前违规次数: 5/5
作弊判定: 玩家 奇儿 连续 5 次速度异常
已异步保存 2 个玩家数据
已异步保存 2 个玩家数据
已异步保存 2 个玩家数据
已异步保存 2 个玩家数据
已异步保存 2 个玩家数据
WebSocket连接建立: type=player, playerId=player_1768412242558_evu62fk4t
已异步保存 2 个玩家数据
已异步保存 2 个玩家数据
已异步保存 2 个玩家数据
速度异常检测: 玩家 奇儿1 (player_1768412242558_evu62fk4t)
  原因: 方块下落超时 (68719ms > 10000ms)，可能暂停了游戏
  实际时间: 68719ms
  期望范围: N/Ams - 2500ms
  当前违规次数: 1/5
  暂停检测: 第 1/5 次
已异步保存 2 个玩家数据
已异步保存 2 个玩家数据
已异步保存 2 个玩家数据
已异步保存 2 个玩家数据
已异步保存 2 个玩家数据
已异步保存 2 个玩家数据
已异步保存 2 个玩家数据
已异步保存 2 个玩家数据
已异步保存 2 个玩家数据
已异步保存 2 个玩家数据
已异步保存 2 个玩家数据
已异步保存 2 个玩家数据
已异步保存 2 个玩家数据
已异步保存 2 个玩家数据
已异步保存 2 个玩家数据
已异步保存 2 个玩家数据
已异步保存 2 个玩家数据
已异步保存 2 个玩家数据
已异步保存 2 个玩家数据
已异步保存 2 个玩家数据
已异步保存 2 个玩家数据
已异步保存 2 个玩家数据
已异步保存 3 个玩家数据
WebSocket连接建立: type=player, playerId=player_1768416956586_zmmum863t
已异步保存 3 个玩家数据
WebSocket连接关闭: type=player, playerId=player_1768412242558_evu62fk4t
WebSocket连接关闭: type=player, playerId=player_1768416956586_zmmum863t
已异步保存 3 个玩家数据
已异步保存 3 个玩家数据
已异步保存 3 个玩家数据
WebSocket连接建立: type=player, playerId=player_1768416956586_zmmum863t
已异步保存 3 个玩家数据
速度异常检测: 玩家 奇儿托 (player_1768416956586_zmmum863t)
  原因: 方块下落超时 (13113ms > 10000ms)，可能暂停了游戏
  实际时间: 13113ms
  期望范围: N/Ams - 2500ms
  当前违规次数: 1/5
  暂停检测: 第 1/5 次
已异步保存 3 个玩家数据
已异步保存 3 个玩家数据
已异步保存 3 个玩家数据
WebSocket连接关闭: type=player, playerId=player_1768416956586_zmmum863t
已异步保存 3 个玩家数据
已异步保存 3 个玩家数据
WebSocket连接建立: type=player, playerId=player_1768416956586_zmmum863t
已异步保存 3 个玩家数据
速度异常检测: 玩家 奇儿托 (player_1768416956586_zmmum863t)
  原因: 方块下落超时 (14507ms > 10000ms)，可能暂停了游戏
  实际时间: 14507ms
  期望范围: N/Ams - 2500ms
  当前违规次数: 1/5
  暂停检测: 第 1/5 次
已异步保存 3 个玩家数据
已异步保存 3 个玩家数据
已异步保存 3 个玩家数据
已异步保存 3 个玩家数据
已异步保存 3 个玩家数据
已异步保存 3 个玩家数据
已异步保存 3 个玩家数据
已异步保存 3 个玩家数据
WebSocket连接关闭: type=player, playerId=player_1768416956586_zmmum863t
已异步保存 3 个玩家数据
已异步保存 3 个玩家数据
WebSocket连接建立: type=player, playerId=player_1768416956586_zmmum863t
已异步保存 3 个玩家数据
速度异常检测: 玩家 奇儿托 (player_1768416956586_zmmum863t)
  原因: 方块下落超时 (15404ms > 10000ms)，可能暂停了游戏
  实际时间: 15404ms
  期望范围: N/Ams - 2500ms
  当前违规次数: 1/5
  暂停检测: 第 1/5 次
已异步保存 3 个玩家数据
已异步保存 3 个玩家数据
已异步保存 3 个玩家数据
WebSocket连接关闭: type=player, playerId=player_1768416956586_zmmum863t
已异步保存 3 个玩家数据
WebSocket连接建立: type=player, playerId=player_1768416956586_zmmum863t
已异步保存 3 个玩家数据
已异步保存 3 个玩家数据
已异步保存 3 个玩家数据
已异步保存 3 个玩家数据
已异步保存 3 个玩家数据
已异步保存 3 个玩家数据
已异步保存 3 个玩家数据
已异步保存 3 个玩家数据
已异步保存 3 个玩家数据
已异步保存 3 个玩家数据
已异步保存 3 个玩家数据
已异步保存 3 个玩家数据
已异步保存 3 个玩家数据
已异步保存 3 个玩家数据
已异步保存 3 个玩家数据
已异步保存 3 个玩家数据
已异步保存 3 个玩家数据
已异步保存 3 个玩家数据
已异步保存 3 个玩家数据
已异步保存 3 个玩家数据
已异步保存 3 个玩家数据
已异步保存 3 个玩家数据
已异步保存 3 个玩家数据
已异步保存 3 个玩家数据
已异步保存 3 个玩家数据
已异步保存 3 个玩家数据
已异步保存 3 个玩家数据
已异步保存 3 个玩家数据
已异步保存 3 个玩家数据
已异步保存 3 个玩家数据
WebSocket连接关闭: type=player, playerId=player_1768416956586_zmmum863t
已异步保存 3 个玩家数据
已异步保存 3 个玩家数据
已异步保存 3 个玩家数据
已异步保存 3 个玩家数据
已异步保存 3 个玩家数据
已异步保存 3 个玩家数据
已异步保存 3 个玩家数据
已异步保存 3 个玩家数据
已异步保存 3 个玩家数据
WebSocket连接建立: type=player, playerId=player_1768416956586_zmmum863t
已异步保存 3 个玩家数据
已异步保存 3 个玩家数据
已异步保存 3 个玩家数据
已异步保存 3 个玩家数据
已异步保存 3 个玩家数据
已异步保存 3 个玩家数据
已异步保存 3 个玩家数据
已异步保存 3 个玩家数据
已异步保存 3 个玩家数据
WebSocket连接关闭: type=player, playerId=player_1768416956586_zmmum863t
已异步保存 3 个玩家数据
WebSocket连接建立: type=player, playerId=player_1768416956586_zmmum863t
已异步保存 3 个玩家数据
已异步保存 3 个玩家数据
已异步保存 3 个玩家数据
已异步保存 3 个玩家数据
已异步保存 3 个玩家数据
已异步保存 3 个玩家数据
已异步保存 3 个玩家数据
已异步保存 3 个玩家数据
已异步保存 3 个玩家数据
已异步保存 3 个玩家数据
已异步保存 3 个玩家数据
已异步保存 3 个玩家数据
已异步保存 3 个玩家数据
已异步保存 3 个玩家数据
已异步保存 3 个玩家数据
WebSocket连接关闭: type=player, playerId=player_1768416956586_zmmum863t
已异步保存 3 个玩家数据
WebSocket连接建立: type=player, playerId=player_1768416956586_zmmum863t
已异步保存 3 个玩家数据
已异步保存 3 个玩家数据
速度异常检测: 玩家 奇儿托 (player_1768416956586_zmmum863t)
  原因: 方块下落超时 (10674ms > 10000ms)，可能暂停了游戏
  实际时间: 10674ms
  期望范围: N/Ams - 2500ms
  当前违规次数: 1/5
  暂停检测: 第 1/5 次
已异步保存 3 个玩家数据
速度异常检测: 玩家 奇儿托 (player_1768416956586_zmmum863t)
  原因: 方块下落超时 (10330ms > 10000ms)，可能暂停了游戏
  实际时间: 10330ms
  期望范围: N/Ams - 2500ms
  当前违规次数: 2/5
  暂停检测: 第 2/5 次
已异步保存 3 个玩家数据
已异步保存 3 个玩家数据
已异步保存 3 个玩家数据
已异步保存 3 个玩家数据
已异步保存 3 个玩家数据
已异步保存 3 个玩家数据
已异步保存 3 个玩家数据
已异步保存 3 个玩家数据
已异步保存 3 个玩家数据
已异步保存 3 个玩家数据
已异步保存 3 个玩家数据
WebSocket连接关闭: type=player, playerId=player_1768416956586_zmmum863t
已异步保存 3 个玩家数据
WebSocket连接建立: type=player, playerId=player_1768416956586_zmmum863t
已异步保存 3 个玩家数据
已异步保存 3 个玩家数据
已异步保存 3 个玩家数据
已异步保存 3 个玩家数据
已异步保存 3 个玩家数据
已异步保存 3 个玩家数据
已异步保存 3 个玩家数据
已异步保存 3 个玩家数据
已异步保存 3 个玩家数据
已异步保存 3 个玩家数据
已异步保存 3 个玩家数据
已异步保存 3 个玩家数据
已异步保存 3 个玩家数据
已异步保存 3 个玩家数据
WebSocket连接关闭: type=player, playerId=player_1768416956586_zmmum863t
已异步保存 3 个玩家数据
WebSocket连接建立: type=player, playerId=player_1768416956586_zmmum863t
已异步保存 3 个玩家数据
已异步保存 3 个玩家数据
已异步保存 3 个玩家数据
速度异常检测: 玩家 奇儿托 (player_1768416956586_zmmum863t)
  原因: 方块下落超时 (31917ms > 10000ms)，可能暂停了游戏
  实际时间: 31917ms
  期望范围: N/Ams - 2500ms
  当前违规次数: 1/5
  暂停检测: 第 1/5 次
速度异常检测: 玩家 奇儿托 (player_1768416956586_zmmum863t)
  原因: 方块下落超时 (10167ms > 10000ms)，可能暂停了游戏
  实际时间: 10167ms
  期望范围: N/Ams - 2500ms
  当前违规次数: 2/5
  暂停检测: 第 2/5 次
已异步保存 3 个玩家数据
已异步保存 3 个玩家数据
已异步保存 3 个玩家数据
已异步保存 3 个玩家数据
已异步保存 3 个玩家数据
已异步保存 3 个玩家数据
已异步保存 3 个玩家数据
已异步保存 3 个玩家数据
已异步保存 3 个玩家数据
已异步保存 3 个玩家数据
已异步保存 3 个玩家数据
已异步保存 3 个玩家数据
已异步保存 3 个玩家数据
WebSocket连接关闭: type=player, playerId=player_1768416956586_zmmum863t
已异步保存 3 个玩家数据
WebSocket连接建立: type=player, playerId=player_1768416956586_zmmum863t
已异步保存 3 个玩家数据
已异步保存 3 个玩家数据
已异步保存 3 个玩家数据
已异步保存 3 个玩家数据
已异步保存 3 个玩家数据
已异步保存 3 个玩家数据
已异步保存 3 个玩家数据
已异步保存 3 个玩家数据
已异步保存 3 个玩家数据
已异步保存 3 个玩家数据
WebSocket连接关闭: type=player, playerId=player_1768416956586_zmmum863t
已异步保存 3 个玩家数据
WebSocket连接建立: type=player, playerId=player_1768416956586_zmmum863t
已异步保存 3 个玩家数据
速度异常检测: 玩家 奇儿托 (player_1768416956586_zmmum863t)
  原因: 方块下落超时 (17726ms > 10000ms)，可能暂停了游戏
  实际时间: 17726ms
  期望范围: N/Ams - 2500ms
  当前违规次数: 1/5
  暂停检测: 第 1/5 次
速度异常检测: 玩家 奇儿托 (player_1768416956586_zmmum863t)
  原因: 方块下落超时 (16188ms > 10000ms)，可能暂停了游戏
  实际时间: 16188ms
  期望范围: N/Ams - 2500ms
  当前违规次数: 2/5
  暂停检测: 第 2/5 次
已异步保存 3 个玩家数据
WebSocket连接关闭: type=player, playerId=player_1768416956586_zmmum863t
已异步保存 3 个玩家数据
WebSocket连接建立: type=player, playerId=player_1768416956586_zmmum863t
速度异常检测: 玩家 奇儿托 (player_1768416956586_zmmum863t)
  原因: 方块下落超时 (11040ms > 10000ms)，可能暂停了游戏
  实际时间: 11040ms
  期望范围: N/Ams - 2500ms
  当前违规次数: 1/5
  暂停检测: 第 1/5 次
已异步保存 3 个玩家数据
已异步保存 3 个玩家数据
速度异常检测: 玩家 奇儿托 (player_1768416956586_zmmum863t)
  原因: 方块下落超时 (11268ms > 10000ms)，可能暂停了游戏
  实际时间: 11268ms
  期望范围: N/Ams - 2500ms
  当前违规次数: 1/5
  暂停检测: 第 2/5 次
已异步保存 3 个玩家数据
速度异常检测: 玩家 奇儿托 (player_1768416956586_zmmum863t)
  原因: 方块下落超时 (13798ms > 10000ms)，可能暂停了游戏
  实际时间: 13798ms
  期望范围: N/Ams - 2500ms
  当前违规次数: 1.5/5
  暂停检测: 第 3/5 次
已异步保存 3 个玩家数据
已异步保存 3 个玩家数据
速度异常检测: 玩家 奇儿托 (player_1768416956586_zmmum863t)
  原因: 方块下落超时 (13053ms > 10000ms)，可能暂停了游戏
  实际时间: 13053ms
  期望范围: N/Ams - 2500ms
  当前违规次数: 1/5
  暂停检测: 第 1/5 次
已异步保存 3 个玩家数据
速度异常检测: 玩家 奇儿托 (player_1768416956586_zmmum863t)
  原因: 方块下落超时 (10368ms > 10000ms)，可能暂停了游戏
  实际时间: 10368ms
  期望范围: N/Ams - 2500ms
  当前违规次数: 1/5
  暂停检测: 第 2/5 次
已异步保存 3 个玩家数据
已异步保存 3 个玩家数据
已异步保存 3 个玩家数据
已异步保存 3 个玩家数据
WebSocket连接关闭: type=player, playerId=player_1768416956586_zmmum863t
已异步保存 3 个玩家数据
WebSocket连接建立: type=player, playerId=player_1768416956586_zmmum863t
已异步保存 3 个玩家数据
已异步保存 3 个玩家数据
已异步保存 3 个玩家数据
已异步保存 3 个玩家数据
已异步保存 3 个玩家数据
已异步保存 3 个玩家数据
已异步保存 3 个玩家数据
已异步保存 3 个玩家数据
已异步保存 3 个玩家数据
已异步保存 3 个玩家数据
已异步保存 3 个玩家数据
已异步保存 3 个玩家数据
已异步保存 3 个玩家数据
已异步保存 3 个玩家数据
已异步保存 3 个玩家数据
已异步保存 3 个玩家数据
已异步保存 3 个玩家数据
已异步保存 3 个玩家数据
已异步保存 3 个玩家数据
已异步保存 3 个玩家数据
已异步保存 3 个玩家数据
已异步保存 3 个玩家数据
已异步保存 3 个玩家数据
已异步保存 3 个玩家数据
已异步保存 3 个玩家数据
已异步保存 3 个玩家数据
已异步保存 3 个玩家数据
已异步保存 3 个玩家数据
已异步保存 3 个玩家数据
已异步保存 3 个玩家数据
已异步保存 3 个玩家数据
已异步保存 3 个玩家数据
已异步保存 3 个玩家数据
已异步保存 3 个玩家数据
已异步保存 3 个玩家数据
已异步保存 3 个玩家数据
已异步保存 3 个玩家数据
已异步保存 3 个玩家数据
已异步保存 3 个玩家数据
已异步保存 3 个玩家数据
已异步保存 3 个玩家数据
已异步保存 3 个玩家数据
已异步保存 3 个玩家数据
已异步保存 3 个玩家数据
已异步保存 3 个玩家数据
已异步保存 3 个玩家数据
已异步保存 3 个玩家数据
已异步保存 3 个玩家数据
已异步保存 3 个玩家数据
已异步保存 3 个玩家数据
已异步保存 3 个玩家数据
已异步保存 3 个玩家数据
已异步保存 3 个玩家数据
已异步保存 3 个玩家数据
已异步保存 3 个玩家数据
已异步保存 3 个玩家数据
已异步保存 3 个玩家数据
已异步保存 3 个玩家数据
已异步保存 3 个玩家数据
已异步保存 3 个玩家数据
已异步保存 3 个玩家数据
已异步保存 3 个玩家数据
已异步保存 3 个玩家数据
已异步保存 3 个玩家数据
已异步保存 3 个玩家数据
已异步保存 3 个玩家数据
已异步保存 3 个玩家数据
已异步保存 3 个玩家数据
已异步保存 3 个玩家数据
已异步保存 3 个玩家数据
已异步保存 3 个玩家数据
已异步保存 3 个玩家数据
已异步保存 3 个玩家数据
已异步保存 3 个玩家数据
已异步保存 3 个玩家数据
已异步保存 3 个玩家数据
已异步保存 3 个玩家数据
已异步保存 3 个玩家数据
已异步保存 3 个玩家数据
已异步保存 3 个玩家数据
已异步保存 3 个玩家数据
已异步保存 3 个玩家数据
已异步保存 3 个玩家数据
已异步保存 3 个玩家数据
已异步保存 3 个玩家数据
已异步保存 3 个玩家数据
已异步保存 3 个玩家数据
已异步保存 3 个玩家数据
已异步保存 3 个玩家数据
已异步保存 3 个玩家数据
已异步保存 3 个玩家数据
已异步保存 3 个玩家数据
已异步保存 3 个玩家数据
已异步保存 3 个玩家数据
已异步保存 3 个玩家数据
已异步保存 3 个玩家数据
已异步保存 3 个玩家数据
已异步保存 3 个玩家数据
已异步保存 3 个玩家数据
已异步保存 3 个玩家数据
已异步保存 3 个玩家数据
已异步保存 3 个玩家数据
已异步保存 3 个玩家数据
已异步保存 3 个玩家数据
已异步保存 3 个玩家数据
已异步保存 3 个玩家数据
已异步保存 3 个玩家数据
已异步保存 3 个玩家数据
已异步保存 3 个玩家数据
已异步保存 3 个玩家数据
已异步保存 3 个玩家数据
已异步保存 3 个玩家数据
已异步保存 3 个玩家数据
已异步保存 3 个玩家数据
已异步保存 3 个玩家数据
已异步保存 3 个玩家数据
已异步保存 3 个玩家数据
已异步保存 3 个玩家数据
已异步保存 3 个玩家数据
已异步保存 3 个玩家数据
已异步保存 3 个玩家数据
已异步保存 3 个玩家数据
已异步保存 3 个玩家数据
已异步保存 3 个玩家数据
已异步保存 3 个玩家数据
已异步保存 3 个玩家数据
已异步保存 3 个玩家数据
已异步保存 3 个玩家数据
已异步保存 3 个玩家数据
已异步保存 3 个玩家数据
已异步保存 3 个玩家数据
已异步保存 3 个玩家数据
已异步保存 3 个玩家数据
已异步保存 3 个玩家数据
已异步保存 3 个玩家数据
已异步保存 3 个玩家数据
已异步保存 3 个玩家数据
已异步保存 3 个玩家数据
已异步保存 3 个玩家数据
已异步保存 3 个玩家数据
已异步保存 3 个玩家数据
已异步保存 3 个玩家数据
已异步保存 3 个玩家数据
已异步保存 3 个玩家数据
已异步保存 3 个玩家数据
已异步保存 3 个玩家数据
已异步保存 3 个玩家数据
已异步保存 3 个玩家数据
已异步保存 3 个玩家数据
已异步保存 3 个玩家数据
已异步保存 3 个玩家数据
已异步保存 3 个玩家数据
已异步保存 3 个玩家数据
已异步保存 3 个玩家数据
已异步保存 3 个玩家数据
已异步保存 3 个玩家数据
已异步保存 3 个玩家数据
已异步保存 3 个玩家数据
已异步保存 3 个玩家数据
已异步保存 3 个玩家数据
已异步保存 3 个玩家数据
已异步保存 3 个玩家数据
已异步保存 3 个玩家数据
已异步保存 3 个玩家数据
已异步保存 3 个玩家数据
已异步保存 3 个玩家数据
已异步保存 3 个玩家数据
已异步保存 3 个玩家数据
已异步保存 3 个玩家数据
已异步保存 3 个玩家数据
已异步保存 3 个玩家数据
已异步保存 3 个玩家数据
已异步保存 3 个玩家数据
已异步保存 3 个玩家数据
已异步保存 3 个玩家数据
已异步保存 3 个玩家数据
已异步保存 3 个玩家数据
已异步保存 3 个玩家数据
已异步保存 3 个玩家数据
已异步保存 3 个玩家数据
已异步保存 3 个玩家数据
已异步保存 3 个玩家数据
已异步保存 3 个玩家数据
已异步保存 3 个玩家数据
已异步保存 3 个玩家数据
已异步保存 3 个玩家数据
已异步保存 3 个玩家数据
已异步保存 3 个玩家数据
已异步保存 3 个玩家数据
已异步保存 3 个玩家数据
已异步保存 3 个玩家数据
已异步保存 3 个玩家数据
已异步保存 3 个玩家数据
已异步保存 3 个玩家数据
已异步保存 3 个玩家数据
已异步保存 3 个玩家数据
已异步保存 3 个玩家数据
已异步保存 3 个玩家数据
已异步保存 3 个玩家数据
已异步保存 3 个玩家数据
已异步保存 3 个玩家数据
已异步保存 3 个玩家数据
已异步保存 3 个玩家数据
已异步保存 3 个玩家数据
已异步保存 3 个玩家数据
已异步保存 3 个玩家数据
已异步保存 3 个玩家数据
已异步保存 3 个玩家数据
已异步保存 3 个玩家数据
已异步保存 3 个玩家数据
已异步保存 3 个玩家数据
已异步保存 3 个玩家数据
已异步保存 3 个玩家数据
已异步保存 3 个玩家数据
已异步保存 3 个玩家数据
已异步保存 3 个玩家数据
已异步保存 3 个玩家数据
已异步保存 3 个玩家数据
已异步保存 3 个玩家数据
已异步保存 3 个玩家数据
已异步保存 3 个玩家数据
已异步保存 3 个玩家数据
已异步保存 3 个玩家数据
已异步保存 3 个玩家数据
已异步保存 3 个玩家数据
已异步保存 3 个玩家数据
已异步保存 3 个玩家数据
已异步保存 3 个玩家数据
已异步保存 3 个玩家数据
已异步保存 3 个玩家数据
已异步保存 3 个玩家数据
已异步保存 3 个玩家数据
已异步保存 3 个玩家数据
已异步保存 3 个玩家数据
已异步保存 3 个玩家数据
已异步保存 3 个玩家数据
已异步保存 3 个玩家数据
已异步保存 3 个玩家数据
已异步保存 3 个玩家数据
已异步保存 3 个玩家数据
已异步保存 3 个玩家数据
已异步保存 3 个玩家数据
已异步保存 3 个玩家数据
已异步保存 3 个玩家数据
已异步保存 3 个玩家数据
已异步保存 3 个玩家数据
已异步保存 3 个玩家数据
已异步保存 3 个玩家数据
已异步保存 3 个玩家数据
已异步保存 3 个玩家数据
已异步保存 3 个玩家数据
已异步保存 3 个玩家数据
已异步保存 3 个玩家数据
已异步保存 3 个玩家数据
已异步保存 3 个玩家数据
已异步保存 3 个玩家数据
已异步保存 3 个玩家数据
已异步保存 3 个玩家数据
已异步保存 3 个玩家数据
已异步保存 3 个玩家数据
已异步保存 3 个玩家数据
已异步保存 3 个玩家数据
已异步保存 3 个玩家数据
已异步保存 3 个玩家数据
已异步保存 3 个玩家数据
已异步保存 3 个玩家数据
已异步保存 3 个玩家数据
已异步保存 3 个玩家数据
已异步保存 3 个玩家数据
已异步保存 3 个玩家数据
已异步保存 3 个玩家数据
已异步保存 3 个玩家数据
已异步保存 3 个玩家数据
已异步保存 3 个玩家数据
已异步保存 3 个玩家数据
已异步保存 3 个玩家数据
已异步保存 3 个玩家数据
已异步保存 3 个玩家数据
已异步保存 3 个玩家数据
已异步保存 3 个玩家数据
已异步保存 3 个玩家数据
已异步保存 3 个玩家数据
已异步保存 3 个玩家数据
已异步保存 3 个玩家数据
已异步保存 3 个玩家数据
已异步保存 3 个玩家数据
已异步保存 3 个玩家数据
已异步保存 3 个玩家数据
已异步保存 3 个玩家数据
已异步保存 3 个玩家数据
已异步保存 3 个玩家数据
已异步保存 3 个玩家数据
已异步保存 3 个玩家数据
已异步保存 3 个玩家数据
已异步保存 3 个玩家数据
已异步保存 3 个玩家数据
已异步保存 3 个玩家数据
已异步保存 3 个玩家数据
已异步保存 3 个玩家数据
已异步保存 3 个玩家数据
已异步保存 3 个玩家数据
已异步保存 3 个玩家数据
已异步保存 3 个玩家数据
已异步保存 3 个玩家数据
已异步保存 3 个玩家数据
已异步保存 3 个玩家数据
已异步保存 3 个玩家数据
已异步保存 3 个玩家数据
已异步保存 3 个玩家数据
已异步保存 3 个玩家数据
已异步保存 3 个玩家数据
已异步保存 3 个玩家数据
已异步保存 3 个玩家数据
已异步保存 3 个玩家数据
已异步保存 3 个玩家数据
已异步保存 3 个玩家数据
已异步保存 3 个玩家数据
已异步保存 3 个玩家数据
已异步保存 3 个玩家数据
已异步保存 3 个玩家数据
已异步保存 3 个玩家数据
已异步保存 3 个玩家数据
已异步保存 3 个玩家数据
已异步保存 3 个玩家数据
已异步保存 3 个玩家数据
已异步保存 3 个玩家数据
已异步保存 3 个玩家数据
已异步保存 3 个玩家数据
已异步保存 3 个玩家数据
已异步保存 3 个玩家数据
已异步保存 3 个玩家数据
已异步保存 3 个玩家数据
已异步保存 3 个玩家数据
已异步保存 3 个玩家数据
已异步保存 3 个玩家数据
已异步保存 3 个玩家数据
已异步保存 3 个玩家数据
已异步保存 3 个玩家数据
已异步保存 3 个玩家数据
已异步保存 3 个玩家数据
已异步保存 3 个玩家数据
已异步保存 3 个玩家数据
已异步保存 3 个玩家数据
已异步保存 3 个玩家数据
已异步保存 3 个玩家数据
已异步保存 3 个玩家数据
已异步保存 3 个玩家数据
已异步保存 3 个玩家数据
已异步保存 3 个玩家数据
已异步保存 3 个玩家数据
已异步保存 3 个玩家数据
已异步保存 3 个玩家数据
已异步保存 3 个玩家数据
已异步保存 3 个玩家数据
